<?xml version="1.0" encoding="UTF-8"?>
<!-- Generated by org.testng.reporters.JUnitXMLReporter -->
<testsuite hostname="JPARK-01" name="TmpTest" tests="3" failures="0" timestamp="10 Jul 2014 00:56:37 GMT" time="14.23" errors="0">
  <testcase name="testApp2" time="2.392" classname="com.park.selTest.SelTest2"/>
  <testcase name="testApp1" time="2.354" classname="com.park.selTest.SelTest1"/>
  <testcase name="testApp3" time="0.684" classname="com.park.selTest.SelTest3"/>
</testsuite> <!-- TmpTest -->
