<?xml version="1.0" encoding="UTF-8"?>
<!-- Generated by org.testng.reporters.JUnitXMLReporter -->
<testsuite hostname="JPARK-01" name="TmpTest" tests="3" failures="0" timestamp="9 Jul 2014 23:08:23 GMT" time="15.552" errors="0">
  <testcase name="@AfterClass stopServer" time="0.0" classname="com.park.selTest.SelTest3">
    <failure type="java.lang.NullPointerException">
      <![CDATA[java.lang.NullPointerException
	at com.workday.fixtureclient.FixtureClient.requestDestroyFixtureServer(FixtureClient.java:73)
	at com.park.selTest.SelTest.stopServer(SelTest.java:41)
	at java.util.concurrent.ThreadPoolExecutor.runWorker(ThreadPoolExecutor.java:1145)
	at java.util.concurrent.ThreadPoolExecutor$Worker.run(ThreadPoolExecutor.java:615)
	at java.lang.Thread.run(Thread.java:744)
... Removed 10 stack frames]]>
    </failure>
  </testcase> <!-- @AfterClass stopServer -->
  <testcase name="@AfterClass stopServer" time="0.0" classname="com.park.selTest.SelTest2">
    <failure type="java.lang.NullPointerException">
      <![CDATA[java.lang.NullPointerException
	at com.workday.fixtureclient.FixtureClient.requestDestroyFixtureServer(FixtureClient.java:73)
	at com.park.selTest.SelTest.stopServer(SelTest.java:41)
	at java.util.concurrent.ThreadPoolExecutor.runWorker(ThreadPoolExecutor.java:1145)
	at java.util.concurrent.ThreadPoolExecutor$Worker.run(ThreadPoolExecutor.java:615)
	at java.lang.Thread.run(Thread.java:744)
... Removed 10 stack frames]]>
    </failure>
  </testcase> <!-- @AfterClass stopServer -->
  <testcase name="testApp1" time="2.318" classname="com.park.selTest.SelTest1"/>
  <testcase name="testApp3" time="7.123" classname="com.park.selTest.SelTest3"/>
  <testcase name="testApp2" time="2.049" classname="com.park.selTest.SelTest2"/>
</testsuite> <!-- TmpTest -->
