<?xml version="1.0" encoding="UTF-8"?>
<testng-results skipped="0" failed="0" total="1" passed="1">
  <reporter-output>
  </reporter-output>
  <suite name="Default suite" duration-ms="14433" started-at="2014-07-10T00:56:23Z" finished-at="2014-07-10T00:56:37Z">
    <groups>
    </groups>
    <test name="Default test" duration-ms="14433" started-at="2014-07-10T00:56:23Z" finished-at="2014-07-10T00:56:37Z">
      <class name="com.park.selTest.TestAll">
        <test-method status="PASS" signature="testAllTests()[pri:0, instance:com.park.selTest.TestAll@1e017050]" name="testAllTests" duration-ms="14419" started-at="2014-07-09T17:56:23Z" finished-at="2014-07-09T17:56:37Z">
          <reporter-output>
          </reporter-output>
        </test-method> <!-- testAllTests -->
      </class> <!-- com.park.selTest.TestAll -->
    </test> <!-- Default test -->
  </suite> <!-- Default suite -->
</testng-results>
